c:\users\bo\cs148raytracer\cs148raytracer-public\build\cs148raytracer.dir\release\photonmappingrenderer.obj
c:\users\bo\cs148raytracer\cs148raytracer-public\build\cs148raytracer.dir\release\photon.obj
c:\users\bo\cs148raytracer\cs148raytracer-public\build\cs148raytracer.dir\release\backwardrenderer.obj
c:\users\bo\cs148raytracer\cs148raytracer-public\build\cs148raytracer.dir\release\renderer.obj
c:\users\bo\cs148raytracer\cs148raytracer-public\build\cs148raytracer.dir\release\material.obj
c:\users\bo\cs148raytracer\cs148raytracer-public\build\cs148raytracer.dir\release\blinnphongmaterial.obj
c:\users\bo\cs148raytracer\cs148raytracer-public\build\cs148raytracer.dir\release\raytracer.obj
c:\users\bo\cs148raytracer\cs148raytracer-public\build\cs148raytracer.dir\release\imagewriter.obj
c:\users\bo\cs148raytracer\cs148raytracer-public\build\cs148raytracer.dir\release\intersectionstate.obj
c:\users\bo\cs148raytracer\cs148raytracer-public\build\cs148raytracer.dir\release\application.obj
c:\users\bo\cs148raytracer\cs148raytracer-public\build\cs148raytracer.dir\release\uniformgridacceleration.obj
c:\users\bo\cs148raytracer\cs148raytracer-public\build\cs148raytracer.dir\release\voxelgrid.obj
c:\users\bo\cs148raytracer\cs148raytracer-public\build\cs148raytracer.dir\release\voxel.obj
c:\users\bo\cs148raytracer\cs148raytracer-public\build\cs148raytracer.dir\release\naiveacceleration.obj
c:\users\bo\cs148raytracer\cs148raytracer-public\build\cs148raytracer.dir\release\bvhnode.obj
c:\users\bo\cs148raytracer\cs148raytracer-public\build\cs148raytracer.dir\release\bvhacceleration.obj
c:\users\bo\cs148raytracer\cs148raytracer-public\build\cs148raytracer.dir\release\accelerationstructure.obj
c:\users\bo\cs148raytracer\cs148raytracer-public\build\cs148raytracer.dir\release\accelerationnode.obj
c:\users\bo\cs148raytracer\cs148raytracer-public\build\cs148raytracer.dir\release\accelerationgenerator.obj
c:\users\bo\cs148raytracer\cs148raytracer-public\build\cs148raytracer.dir\release\main.obj
c:\users\bo\cs148raytracer\cs148raytracer-public\build\cs148raytracer.dir\release\meshloader.obj
c:\users\bo\cs148raytracer\cs148raytracer-public\build\cs148raytracer.dir\release\diagnostics.obj
c:\users\bo\cs148raytracer\cs148raytracer-public\build\cs148raytracer.dir\release\sceneobject.obj
c:\users\bo\cs148raytracer\cs148raytracer-public\build\cs148raytracer.dir\release\scene.obj
c:\users\bo\cs148raytracer\cs148raytracer-public\build\cs148raytracer.dir\release\pointlight.obj
c:\users\bo\cs148raytracer\cs148raytracer-public\build\cs148raytracer.dir\release\light.obj
c:\users\bo\cs148raytracer\cs148raytracer-public\build\cs148raytracer.dir\release\directionallight.obj
c:\users\bo\cs148raytracer\cs148raytracer-public\build\cs148raytracer.dir\release\arealight.obj
c:\users\bo\cs148raytracer\cs148raytracer-public\build\cs148raytracer.dir\release\box.obj
c:\users\bo\cs148raytracer\cs148raytracer-public\build\cs148raytracer.dir\release\ray.obj
c:\users\bo\cs148raytracer\cs148raytracer-public\build\cs148raytracer.dir\release\triangle.obj
c:\users\bo\cs148raytracer\cs148raytracer-public\build\cs148raytracer.dir\release\meshobject.obj
c:\users\bo\cs148raytracer\cs148raytracer-public\build\cs148raytracer.dir\release\perspectivecamera.obj
c:\users\bo\cs148raytracer\cs148raytracer-public\build\cs148raytracer.dir\release\camera.obj
c:\users\bo\cs148raytracer\cs148raytracer-public\build\cs148raytracer.dir\release\jittercolorsampler.obj
c:\users\bo\cs148raytracer\cs148raytracer-public\build\cs148raytracer.dir\release\colorsampler.obj
c:\users\bo\cs148raytracer\cs148raytracer-public\build\cs148raytracer.dir\release\simpleadaptivesampler.obj
c:\users\bo\cs148raytracer\cs148raytracer-public\build\cs148raytracer.dir\release\texture2d.obj
c:\users\bo\cs148raytracer\cs148raytracer-public\build\cs148raytracer.dir\release\texture.obj
c:\users\bo\cs148raytracer\cs148raytracer-public\build\cs148raytracer.dir\release\cubemaptexture.obj
c:\users\bo\cs148raytracer\cs148raytracer-public\build\cs148raytracer.dir\release\assignment8.obj
c:\users\bo\cs148raytracer\cs148raytracer-public\build\cs148raytracer.dir\release\assignment7.obj
c:\users\bo\cs148raytracer\cs148raytracer-public\build\cs148raytracer.dir\release\assignment6.obj
c:\users\bo\cs148raytracer\cs148raytracer-public\build\cs148raytracer.dir\release\assignment5.obj
c:\users\bo\cs148raytracer\cs148raytracer-public\build\cs148raytracer.dir\release\timer.obj
c:\users\bo\cs148raytracer\cs148raytracer-public\build\cs148raytracer.dir\release\textureloader.obj
c:\users\bo\cs148raytracer\cs148raytracer-public\build\cmakefiles\generate.stamp
c:\users\bo\cs148raytracer\cs148raytracer-public\build\release\cs148raytracer.exe
c:\users\bo\cs148raytracer\cs148raytracer-public\build\cs148raytracer.dir\release\cs148raytracer.tlog\cl.command.1.tlog
c:\users\bo\cs148raytracer\cs148raytracer-public\build\cs148raytracer.dir\release\cs148raytracer.tlog\cl.read.1.tlog
c:\users\bo\cs148raytracer\cs148raytracer-public\build\cs148raytracer.dir\release\cs148raytracer.tlog\cl.write.1.tlog
c:\users\bo\cs148raytracer\cs148raytracer-public\build\cs148raytracer.dir\release\cs148raytracer.tlog\custombuild.command.1.tlog
c:\users\bo\cs148raytracer\cs148raytracer-public\build\cs148raytracer.dir\release\cs148raytracer.tlog\custombuild.read.1.tlog
c:\users\bo\cs148raytracer\cs148raytracer-public\build\cs148raytracer.dir\release\cs148raytracer.tlog\custombuild.write.1.tlog
c:\users\bo\cs148raytracer\cs148raytracer-public\build\cs148raytracer.dir\release\cs148raytracer.tlog\link.command.1.tlog
c:\users\bo\cs148raytracer\cs148raytracer-public\build\cs148raytracer.dir\release\cs148raytracer.tlog\link.read.1.tlog
c:\users\bo\cs148raytracer\cs148raytracer-public\build\cs148raytracer.dir\release\cs148raytracer.tlog\link.write.1.tlog
